#
# There is insufficient memory for the Java Runtime Environment to continue.
# Native memory allocation (malloc) failed to allocate 1048576 bytes for AllocateHeap
# Possible reasons:
#   The system is out of physical RAM or swap space
#   The process is running with CompressedOops enabled, and the Java Heap may be blocking the growth of the native heap
# Possible solutions:
#   Reduce memory load on the system
#   Increase physical memory or swap space
#   Check if swap backing store is full
#   Decrease Java heap size (-Xmx/-Xms)
#   Decrease number of Java threads
#   Decrease Java thread stack sizes (-Xss)
#   Set larger code cache with -XX:ReservedCodeCacheSize=
#   JVM is running with Unscaled Compressed Oops mode in which the Java heap is
#     placed in the first 4GB address space. The Java Heap base address is the
#     maximum limit for the native heap growth. Please use -XX:HeapBaseMinAddress
#     to set the Java Heap base and to place the Java Heap above 4GB virtual address.
# This output file may be truncated or incomplete.
#
#  Out of Memory Error (t:/workspace/open/src/hotspot/share/memory/allocation.cpp:46), pid=5572, tid=16332
#
# JRE version:  (11.0.2+9) (build )
# Java VM: Java HotSpot(TM) 64-Bit Server VM (11.0.2+9-LTS, mixed mode, aot, sharing, tiered, compressed oops, g1 gc, windows-amd64)
# No core dump will be written. Minidumps are not enabled by default on client versions of Windows
#

---------------  S U M M A R Y ------------

Command Line: -Xverify:none -XX:TieredStopAtLevel=1 org.sid.jobservice.JobserviceApplication

Host: AMD A6-4400M APU with Radeon(tm) HD Graphics   , 2 cores, 3G,  Windows 10 , 64 bit Build 18362 (10.0.18362.1110)
Time: Mon Feb 22 02:07:22 2021 Maroc (heure d?été) elapsed time: 1 seconds (0d 0h 0m 1s)

---------------  T H R E A D  ---------------

Current thread (0x00000278d265d000):  JavaThread "Unknown thread" [_thread_in_vm, id=16332, stack(0x000000c44e600000,0x000000c44e700000)]

Stack: [0x000000c44e600000,0x000000c44e700000]
Native frames: (J=compiled Java code, j=interpreted, Vv=VM code, C=native code)
V  [jvm.dll+0x63574a]
V  [jvm.dll+0x77326f]
V  [jvm.dll+0x77491a]
V  [jvm.dll+0x774fd3]
V  [jvm.dll+0x25e418]
V  [jvm.dll+0xb9ba4]
V  [jvm.dll+0x2ed673]
V  [jvm.dll+0x74c807]
V  [jvm.dll+0x74df5f]
V  [jvm.dll+0x373179]
V  [jvm.dll+0x732eb9]
V  [jvm.dll+0x3e295d]
V  [jvm.dll+0x3e4c61]
C  [java.exe+0x3607]
C  [java.exe+0x178dc]
C  [KERNEL32.DLL+0x17c24]
C  [ntdll.dll+0x6d4d1]


---------------  P R O C E S S  ---------------

Threads class SMR info:
_java_thread_list=0x00000278d2553bb0, length=0, elements={
}

Java Threads: ( => current thread )

Other Threads:

[error occurred during error reporting (printing all threads), id 0xc0000005, EXCEPTION_ACCESS_VIOLATION (0xc0000005) at pc=0x00007fffb55e7c5d]

VM state:not at safepoint (not fully initialized)

VM Mutex/Monitor currently owned by a thread: None


[error occurred during error reporting (printing compressed oops mode), id 0xc0000005, EXCEPTION_ACCESS_VIOLATION (0xc0000005) at pc=0x00007fffb55fd5d7]

GC Heap History (0 events):
No events

Deoptimization events (0 events):
No events

Classes redefined (0 events):
No events

Internal exceptions (0 events):
No events

Events (0 events):
No events


Dynamic libraries:
0x00007ff61ce80000 - 0x00007ff61cec7000 	C:\Program Files\Java\jdk-11.0.2\bin\java.exe
0x00007ff814980000 - 0x00007ff814b70000 	C:\WINDOWS\SYSTEM32\ntdll.dll
0x00007ffff7840000 - 0x00007ffff7852000 	C:\Program Files\AVAST Software\Avast\aswhook.dll
0x00007ff813dc0000 - 0x00007ff813e72000 	C:\WINDOWS\System32\KERNEL32.DLL
0x00007ff811920000 - 0x00007ff811bc5000 	C:\WINDOWS\System32\KERNELBASE.dll
0x00007ff813f90000 - 0x00007ff814033000 	C:\WINDOWS\System32\ADVAPI32.dll
0x00007ff813ef0000 - 0x00007ff813f8e000 	C:\WINDOWS\System32\msvcrt.dll
0x00007ff813200000 - 0x00007ff813297000 	C:\WINDOWS\System32\sechost.dll
0x00007ff814040000 - 0x00007ff814160000 	C:\WINDOWS\System32\RPCRT4.dll
0x00007ff812ea0000 - 0x00007ff813034000 	C:\WINDOWS\System32\USER32.dll
0x00007ff8118f0000 - 0x00007ff811911000 	C:\WINDOWS\System32\win32u.dll
0x00007ff8138a0000 - 0x00007ff8138c6000 	C:\WINDOWS\System32\GDI32.dll
0x00007ff812890000 - 0x00007ff812a26000 	C:\WINDOWS\System32\gdi32full.dll
0x00007ff812560000 - 0x00007ff8125fe000 	C:\WINDOWS\System32\msvcp_win.dll
0x00007ff8126c0000 - 0x00007ff8127ba000 	C:\WINDOWS\System32\ucrtbase.dll
0x00007ff8037f0000 - 0x00007ff803a74000 	C:\WINDOWS\WinSxS\amd64_microsoft.windows.common-controls_6595b64144ccf1df_6.0.18362.1256_none_9e7e379be45e40e2\COMCTL32.dll
0x00007ff813540000 - 0x00007ff813876000 	C:\WINDOWS\System32\combase.dll
0x00007ff812630000 - 0x00007ff8126b1000 	C:\WINDOWS\System32\bcryptPrimitives.dll
0x00007ff808f20000 - 0x00007ff808f2a000 	C:\WINDOWS\SYSTEM32\VERSION.dll
0x00007ff812cb0000 - 0x00007ff812cde000 	C:\WINDOWS\System32\IMM32.DLL
0x00007ff802320000 - 0x00007ff802336000 	C:\Program Files\Java\jdk-11.0.2\bin\vcruntime140.dll
0x00007fffeff00000 - 0x00007fffeffaa000 	C:\Program Files\Java\jdk-11.0.2\bin\msvcp140.dll
0x00007fffb4eb0000 - 0x00007fffb59d7000 	C:\Program Files\Java\jdk-11.0.2\bin\server\jvm.dll
0x00007ff8141c0000 - 0x00007ff8141c8000 	C:\WINDOWS\System32\PSAPI.DLL
0x00007ff800d10000 - 0x00007ff800d19000 	C:\WINDOWS\SYSTEM32\WSOCK32.dll
0x00007ff8138d0000 - 0x00007ff81393f000 	C:\WINDOWS\System32\WS2_32.dll
0x00007ff80f3b0000 - 0x00007ff80f3d4000 	C:\WINDOWS\SYSTEM32\WINMM.dll
0x00007ff80f380000 - 0x00007ff80f3ad000 	C:\WINDOWS\SYSTEM32\WINMMBASE.dll
0x00007ff812510000 - 0x00007ff81255a000 	C:\WINDOWS\System32\cfgmgr32.dll
0x00007ff811830000 - 0x00007ff811841000 	C:\WINDOWS\System32\kernel.appcore.dll
0x00007ff802300000 - 0x00007ff802311000 	C:\Program Files\Java\jdk-11.0.2\bin\verify.dll
0x00007ff80fa60000 - 0x00007ff80fc54000 	C:\WINDOWS\SYSTEM32\DBGHELP.DLL
0x00007ff806930000 - 0x00007ff80695a000 	C:\WINDOWS\SYSTEM32\dbgcore.DLL
0x00007ffffdaf0000 - 0x00007ffffdb19000 	C:\Program Files\Java\jdk-11.0.2\bin\java.dll
0x00007ffffd4b0000 - 0x00007ffffd4c6000 	C:\Program Files\Java\jdk-11.0.2\bin\zip.dll
0x00007ff80b2b0000 - 0x00007ff80b2ba000 	C:\Program Files\Java\jdk-11.0.2\bin\jimage.dll

dbghelp: loaded successfully - version: 4.0.5 - missing functions: none
symbol engine: initialized successfully - sym options: 0x614 - pdb path: .;C:\Program Files\Java\jdk-11.0.2\bin;C:\WINDOWS\SYSTEM32;C:\Program Files\AVAST Software\Avast;C:\WINDOWS\WinSxS\amd64_microsoft.windows.common-controls_6595b64144ccf1df_6.0.18362.1256_none_9e7e379be45e40e2;C:\Program Files\Java\jdk-11.0.2\bin\server

VM Arguments:
jvm_args: -Xverify:none -XX:TieredStopAtLevel=1 
java_command: org.sid.jobservice.JobserviceApplication
java_class_path (initial): C:\Users\pc\Github\EnsiasForce\Back-end\job-service\target\classes;C:\Users\pc\.m2\repository\org\springframework\security\spring-security-rsa\1.0.9.RELEASE\spring-security-rsa-1.0.9.RELEASE.jar;C:\Users\pc\.m2\repository\org\jboss\jandex\2.1.3.Final\jandex-2.1.3.Final.jar;C:\Users\pc\.m2\repository\io\projectreactor\reactor-core\3.4.2\reactor-core-3.4.2.jar;C:\Users\pc\.m2\repository\joda-time\joda-time\2.3\joda-time-2.3.jar;C:\Users\pc\.m2\repository\aopalliance\aopalliance\1.0\aopalliance-1.0.jar;C:\Users\pc\.m2\repository\org\apache\logging\log4j\log4j-api\2.13.3\log4j-api-2.13.3.jar;C:\Users\pc\.m2\repository\org\bouncycastle\bcprov-jdk15on\1.64\bcprov-jdk15on-1.64.jar;C:\Users\pc\.m2\repository\com\netflix\netflix-commons\netflix-infix\0.3.0\netflix-infix-0.3.0.jar;C:\Users\pc\.m2\repository\com\fasterxml\jackson\module\jackson-module-parameter-names\2.11.4\jackson-module-parameter-names-2.11.4.jar;C:\Users\pc\.m2\repository\org\apache\httpcomponents\httpcore\4.4.14\httpcore-4.4.14.jar;C:\Users\pc\.m2\repository\jakarta\persistence\jakarta.persistence-api\2.2.3\jakarta.persistence-api-2.2.3.jar;C:\Users\pc\.m2\repository\net\bytebuddy\byte-buddy\1.10.19\byte-buddy-1.10.19.jar;C:\Users\pc\.m2\repository\org\antlr\stringtemplate\3.2.1\stringtemplate-3.2.1.jar;C:\Users\pc\.m2\repository\org\apache\commons\commons-math\2.2\commons-math-2.2.jar;C:\Users\pc\.m2\repository\org\javassist\javassist\3.27.0-GA\javassist-3.27.0-GA.jar;C:\Users\pc\.m2\repository\ch\qos\logback\logback-classic\1.2.3\logback-classic-1.2.3.jar;C:\Users\pc\.m2\repository\org\springframework\spring-context-support\5.3.3\spring-context-support-5.3.3.jar;C:\Users\pc\.m2\repository\org\springframework\security\spring-security-crypto\5.4.2\spring-security-crypto-5.4.2.jar;C:\Users\pc\.m2\repository\commons-codec\commons-codec\1.15\commons-codec-1.15.jar;C:\Users\pc\.m2\repository\org\springframework\spring-context\5.3.3\spring-context-5.3.3.jar;C:\Users\pc\.m2\repositor
Launcher Type: SUN_STANDARD

[Global flags]
     bool BytecodeVerificationLocal                = false                                     {product} {command line}
     bool BytecodeVerificationRemote               = false                                     {product} {command line}
     intx CICompilerCount                          = 2                                         {product} {ergonomic}
     uint G1ConcRefinementThreads                  = 2                                         {product} {ergonomic}
   size_t G1HeapRegionSize                         = 1048576                                   {product} {ergonomic}
    uintx GCDrainStackTargetSize                   = 64                                        {product} {ergonomic}
   size_t InitialHeapSize                          = 54525952                                  {product} {ergonomic}
   size_t MaxHeapSize                              = 859832320                                 {product} {ergonomic}
   size_t MinHeapDeltaBytes                        = 1048576                                   {product} {ergonomic}
    uintx NonNMethodCodeHeapSize                   = 6396312                                {pd product} {ergonomic}
    uintx NonProfiledCodeHeapSize                  = 245261928                              {pd product} {ergonomic}
    uintx ProfiledCodeHeapSize                     = 0                                      {pd product} {ergonomic}
    uintx ReservedCodeCacheSize                    = 251658240                              {pd product} {ergonomic}
     bool SegmentedCodeCache                       = true                                      {product} {ergonomic}
     intx TieredStopAtLevel                        = 1                                         {product} {command line}
     bool UseCompressedClassPointers               = true                                 {lp64_product} {ergonomic}
     bool UseCompressedOops                        = true                                 {lp64_product} {ergonomic}
     bool UseG1GC                                  = true                                      {product} {ergonomic}
     bool UseLargePagesIndividualAllocation        = false                                  {pd product} {ergonomic}

Logging:
Log output configuration:
 #0: stdout all=warning uptime,level,tags
 #1: stderr all=off uptime,level,tags

Environment Variables:
JAVA_HOME=C:\Program Files\Java\jdk-11.0.2
CLASSPATH=C:\Users\pc\Desktop\sefiane\sem5\SMA\JADE-all-4.5.0\jade\lib\jade.jar
PATH=C:/Program Files/Java/jre1.8.0_201/bin/server;C:/Program Files/Java/jre1.8.0_201/bin;C:/Program Files/Java/jre1.8.0_201/lib/amd64;C:\app\pc\product\11.2.0\dbhome_1\bin;C:\Program Files (x86)\Common Files\Oracle\Java\javapath;C:\ProgramData\Oracle\Java\javapath;C:\WINDOWS\system32;C:\WINDOWS;C:\WINDOWS\System32\Wbem;C:\WINDOWS\System32\WindowsPowerShell\v1.0\;C:\WINDOWS\System32\OpenSSH\;C:\Program Files\Microsoft VS Code\bin;C:\Users\pc\AppData\Local\Programs\Python\Python37;C:\Program Files\Git\cmd;C:\xampp\php;C:\ProgramData\ComposerSetup\bin;C:\Program Files\Microsoft SQL Server\Client SDK\ODBC\130\Tools\Binn\;C:\Program Files (x86)\Microsoft SQL Server\140\Tools\Binn\;C:\Program Files\Microsoft SQL Server\140\Tools\Binn\;C:\Program Files\Microsoft SQL Server\140\DTS\Binn\;C:\Program Files (x86)\Microsoft SQL Server\150\DTS\Binn\;C:\Program Files\Microsoft SQL Server\130\Tools\Binn\;C:\Program Files\Microsoft SQL Server\Client SDK\ODBC\170\Tools\Binn\;C:\Maven\apache-maven-3.6.3\bin;C:\Program Files\Java\jdk-11.0.2\bin;C:\Program Files (x86)\Microsoft SQL Server\110\DTS\Binn\;C:\Program Files (x86)\Microsoft SQL Server\120\DTS\Binn\;C:\Program Files (x86)\Microsoft SQL Server\130\DTS\Binn\;C:\Program Files (x86)\Microsoft SQL Server\140\DTS\Binn\;C:\Program Files\nodejs\;C:\Program Files\PuTTY\;C:\Users\pc\AppData\Local\Programs\Python\Python37\Scripts\;C:\Users\pc\AppData\Local\Programs\Python\Python37\;C:\Program Files\Git\bin;C:\Users\pc\AppData\Roaming\Composer\vendor\bin;C:\xampp\mysql\bin;C:\Users\pc\AppData\Local\Microsoft\WindowsApps;C:\Users\pc\AppData\Roaming\npm;C:\Program Files\Java\jdk-11.0.2\bin;;C:\Users\pc\Desktop;
USERNAME=pc
OS=Windows_NT
PROCESSOR_IDENTIFIER=AMD64 Family 21 Model 16 Stepping 1, AuthenticAMD



---------------  S Y S T E M  ---------------

OS: Windows 10 , 64 bit Build 18362 (10.0.18362.1110)

CPU:total 2 (initial active 2) (2 cores per cpu, 1 threads per core) family 21 model 16 stepping 1, cmov, cx8, fxsr, mmx, sse, sse2, sse3, ssse3, sse4.1, sse4.2, popcnt, avx, aes, clmul, mmxext, 3dnowpref, lzcnt, sse4a, tsc, tscinvbit, tscinv, bmi1, fma

Memory: 4k page, system-wide physical 3273M (190M free)
TotalPageFile size 13262M (AvailPageFile size 7M)
current process WorkingSet (physical memory assigned to process): 9M, peak: 9M
current process commit charge ("private bytes"): 9M, peak: 10M

vm_info: Java HotSpot(TM) 64-Bit Server VM (11.0.2+9-LTS) for windows-amd64 JRE (11.0.2+9-LTS), built on Jan 18 2019 05:24:10 by "mach5one" with MS VC++ 15.5 (VS2017)

END.
